INFO:root:blob add op:(0, 0, 255)  + (255, 0, 0) 
INFO:root:blob add op:(0, 0, 255)  + (255, 0, 0) 
INFO:root:blob add op:(0, 0, 255)  + (0, 255, 0) 
INFO:root:blob add op:(0, 0, 255)  + (255, 0, 0) 
CRITICAL:root:name 'A' is not defined
INFO:root:blob add op:(0, 0, 255)  + (0, 255, 0) 
INFO:root:blob add op:(0, 0, 255)  + (0, 0, 255) 
INFO:root:blob add op:(0, 0, 255)  + (0, 0, 255) 
INFO:root:blob add op:(0, 0, 255)  + (0, 0, 255) 
INFO:root:blob add op:(0, 0, 255)  + (0, 0, 255) 
INFO:root:blob add op:(0, 0, 255)  + (0, 0, 255) 
INFO:root:blob add op:(0, 0, 255)  + (0, 0, 255) 
INFO:root:blob add op:(0, 0, 255)  + (0, 0, 255) 
INFO:root:blob add op:(0, 0, 255)  + (0, 0, 255) 
INFO:root:blob add op:(0, 0, 255)  + (0, 0, 255) 
INFO:root:blob add op:(0, 0, 255)  + (0, 0, 255) 
INFO:root:blob add op:(0, 0, 255)  + (0, 0, 255) 
INFO:root:blob add op:(0, 0, 255)  + (0, 0, 255) 
INFO:root:blob add op:(0, 0, 255)  + (0, 0, 255) 
INFO:root:blob add op:(0, 0, 255)  + (0, 0, 255) 
INFO:root:blob add op:(0, 0, 255)  + (0, 0, 255) 
INFO:root:blob add op:(0, 0, 255)  + (0, 0, 255) 
INFO:root:blob add op:(0, 0, 255)  + (0, 0, 255) 
INFO:root:blob add op:(0, 0, 255)  + (0, 0, 255) 
INFO:root:blob add op:(0, 0, 255)  + (0, 0, 255) 
INFO:root:blob add op:(0, 0, 255)  + (0, 0, 255) 
INFO:root:blob add op:(0, 0, 255)  + (0, 0, 255) 
INFO:root:blob add op:(0, 0, 255)  + (0, 0, 255) 
INFO:root:blob add op:(0, 0, 255)  + (0, 0, 255) 
INFO:root:blob add op:(0, 0, 255)  + (0, 0, 255) 
INFO:root:blob add op:(0, 0, 255)  + (0, 0, 255) 
INFO:root:blob add op:(0, 0, 255)  + (0, 0, 255) 
INFO:root:blob add op:(0, 0, 255)  + (0, 0, 255) 
INFO:root:blob add op:(0, 0, 255)  + (0, 0, 255) 
INFO:root:blob add op:(0, 0, 255)  + (0, 0, 255) 
INFO:root:blob add op:(0, 0, 255)  + (0, 0, 255) 
INFO:root:blob add op:(0, 0, 255)  + (0, 0, 255) 
INFO:root:blob add op:(0, 0, 255)  + (0, 0, 255) 
INFO:root:blob add op:(0, 0, 255)  + (0, 0, 255) 
INFO:root:blob add op:(0, 0, 255)  + (0, 0, 255) 
INFO:root:blob add op:(0, 0, 255)  + (0, 0, 255) 
INFO:root:blob add op:(0, 0, 255)  + (0, 0, 255) 
INFO:root:blob add op:(0, 0, 255)  + (0, 0, 255) 
INFO:root:blob add op:(0, 0, 255)  + (0, 0, 255) 
INFO:root:blob add op:(0, 0, 255)  + (0, 0, 255) 
INFO:root:blob add op:(0, 0, 255)  + (0, 0, 255) 
INFO:root:blob add op:(0, 0, 255)  + (0, 0, 255) 
INFO:root:blob add op:(0, 0, 255)  + (0, 0, 255) 
INFO:root:blob add op:(0, 0, 255)  + (0, 0, 255) 
INFO:root:blob add op:(0, 0, 255)  + (0, 0, 255) 
INFO:root:blob add op:(0, 0, 255)  + (0, 0, 255) 
INFO:root:blob add op:(0, 0, 255)  + (0, 0, 255) 
INFO:root:blob add op:(0, 0, 255)  + (0, 0, 255) 
INFO:root:blob add op:(0, 0, 255)  + (0, 0, 255) 
INFO:root:blob add op:(0, 0, 255)  + (0, 0, 255) 
INFO:root:blob add op:(0, 0, 255)  + (0, 0, 255) 
INFO:root:blob add op:(0, 0, 255)  + (255, 0, 0) 
INFO:root:blob add op:(0, 0, 255)  + (0, 255, 0) 
INFO:root:blob add op:(0, 0, 255)  + (0, 255, 0) 
INFO:root:blob add op:(0, 0, 255)  + (255, 0, 0) 
INFO:root:blob add op:(0, 0, 255)  + (0, 255, 0) 
INFO:root:blob add op:(0, 0, 255)  + (255, 0, 0) 
INFO:root:blob add op:(0, 0, 255)  + (0, 255, 0) 
INFO:root:blob add op:(0, 0, 255)  + (0, 255, 0) 
INFO:root:blob add op:(0, 0, 255)  + (0, 255, 0) 
INFO:root:blob add op:(0, 0, 255)  + (255, 0, 0) 
INFO:root:blob add op:(0, 0, 255)  + (0, 255, 0) 
INFO:root:blob add op:(0, 0, 255)  + (255, 0, 0) 
INFO:root:blob add op:(0, 0, 255)  + (255, 0, 0) 
INFO:root:blob add op:(0, 0, 255)  + (255, 0, 0) 
INFO:root:blob add op:(0, 0, 255)  + (0, 255, 0) 
INFO:root:blob add op:Blob color:(0, 0, 255),size: 5 , location_xy:(206,505)  + Blob color:(0, 255, 0),size: 5 , location_xy:(215,501) 
INFO:root:blob add op:Blob color:(0, 0, 255),size: 6 , location_xy:(747,539)  + Blob color:(0, 255, 0),size: 5 , location_xy:(754,546) 
INFO:root:blob add op:Blob color:(0, 0, 255),size: 6 , location_xy:(611,444)  + Blob color:(255, 0, 0),size: 4 , location_xy:(602,448) 
INFO:root:blob add op:Blob color:(0, 0, 255),size: 2 , location_xy:(627,433)  + Blob color:(255, 0, 0),size: 2 , location_xy:(624,431) 
INFO:root:blob add op:Blob color:(0, 0, 255),size: 7 , location_xy:(607,355)  + Blob color:(0, 255, 0),size: 6 , location_xy:(595,351) 
INFO:root:blob add op:Blob color:(0, 0, 255),size: 7 , location_xy:(403,259)  + Blob color:(0, 0, 255),size: 6 , location_xy:(407,247) 
INFO:root:blob add op:Blob color:(0, 0, 255),size: 6 , location_xy:(407,247)  + Blob color:(0, 0, 255),size: 7 , location_xy:(403,259) 
INFO:root:blob add op:Blob color:(0, 0, 255),size: 7 , location_xy:(402,258)  + Blob color:(0, 0, 255),size: 6 , location_xy:(407,247) 
INFO:root:blob add op:Blob color:(0, 0, 255),size: 6 , location_xy:(407,247)  + Blob color:(0, 0, 255),size: 7 , location_xy:(402,258) 
INFO:root:blob add op:Blob color:(0, 0, 255),size: 7 , location_xy:(402,258)  + Blob color:(0, 0, 255),size: 6 , location_xy:(406,246) 
INFO:root:blob add op:Blob color:(0, 0, 255),size: 6 , location_xy:(406,246)  + Blob color:(0, 0, 255),size: 7 , location_xy:(402,258) 
INFO:root:blob add op:Blob color:(0, 0, 255),size: 7 , location_xy:(401,257)  + Blob color:(0, 0, 255),size: 6 , location_xy:(407,247) 
INFO:root:blob add op:Blob color:(0, 0, 255),size: 6 , location_xy:(407,247)  + Blob color:(0, 0, 255),size: 7 , location_xy:(401,257) 
INFO:root:blob add op:Blob color:(0, 0, 255),size: 7 , location_xy:(401,257)  + Blob color:(0, 0, 255),size: 6 , location_xy:(408,248) 
INFO:root:blob add op:Blob color:(0, 0, 255),size: 6 , location_xy:(408,248)  + Blob color:(0, 0, 255),size: 7 , location_xy:(401,257) 
INFO:root:blob add op:Blob color:(0, 0, 255),size: 7 , location_xy:(400,257)  + Blob color:(0, 0, 255),size: 6 , location_xy:(408,249) 
INFO:root:blob add op:Blob color:(0, 0, 255),size: 6 , location_xy:(408,249)  + Blob color:(0, 0, 255),size: 7 , location_xy:(400,257) 
INFO:root:blob add op:Blob color:(0, 0, 255),size: 7 , location_xy:(401,258)  + Blob color:(0, 0, 255),size: 6 , location_xy:(408,248) 
INFO:root:blob add op:Blob color:(0, 0, 255),size: 6 , location_xy:(408,248)  + Blob color:(0, 0, 255),size: 7 , location_xy:(401,258) 
INFO:root:blob add op:Blob color:(0, 0, 255),size: 7 , location_xy:(399,253)  + Blob color:(0, 0, 255),size: 6 , location_xy:(404,243) 
INFO:root:blob add op:Blob color:(0, 0, 255),size: 6 , location_xy:(404,243)  + Blob color:(0, 0, 255),size: 7 , location_xy:(399,253) 
INFO:root:blob add op:Blob color:(0, 0, 255),size: 7 , location_xy:(398,254)  + Blob color:(0, 0, 255),size: 6 , location_xy:(403,243) 
INFO:root:blob add op:Blob color:(0, 0, 255),size: 6 , location_xy:(403,243)  + Blob color:(0, 0, 255),size: 7 , location_xy:(398,254) 
INFO:root:blob add op:Blob color:(0, 0, 255),size: 7 , location_xy:(399,251)  + Blob color:(0, 0, 255),size: 6 , location_xy:(405,240) 
INFO:root:blob add op:Blob color:(0, 0, 255),size: 6 , location_xy:(405,240)  + Blob color:(0, 0, 255),size: 7 , location_xy:(399,251) 
INFO:root:blob add op:Blob color:(0, 0, 255),size: 7 , location_xy:(399,250)  + Blob color:(0, 0, 255),size: 6 , location_xy:(407,240) 
INFO:root:blob add op:Blob color:(0, 0, 255),size: 6 , location_xy:(407,240)  + Blob color:(0, 0, 255),size: 7 , location_xy:(399,250) 
INFO:root:blob add op:Blob color:(0, 0, 255),size: 7 , location_xy:(400,249)  + Blob color:(0, 0, 255),size: 6 , location_xy:(408,241) 
INFO:root:blob add op:Blob color:(0, 0, 255),size: 6 , location_xy:(408,241)  + Blob color:(0, 0, 255),size: 7 , location_xy:(400,249) 
INFO:root:blob add op:Blob color:(0, 0, 255),size: 7 , location_xy:(399,248)  + Blob color:(0, 0, 255),size: 6 , location_xy:(407,240) 
INFO:root:blob add op:Blob color:(0, 0, 255),size: 6 , location_xy:(407,240)  + Blob color:(0, 0, 255),size: 7 , location_xy:(399,248) 
INFO:root:blob add op:Blob color:(0, 0, 255),size: 7 , location_xy:(400,247)  + Blob color:(0, 0, 255),size: 6 , location_xy:(407,239) 
INFO:root:blob add op:Blob color:(0, 0, 255),size: 6 , location_xy:(407,239)  + Blob color:(0, 0, 255),size: 7 , location_xy:(400,247) 
INFO:root:blob add op:Blob color:(0, 0, 255),size: 7 , location_xy:(401,247)  + Blob color:(0, 0, 255),size: 6 , location_xy:(406,239) 
INFO:root:blob add op:Blob color:(0, 0, 255),size: 6 , location_xy:(406,239)  + Blob color:(0, 0, 255),size: 7 , location_xy:(401,247) 
INFO:root:blob add op:Blob color:(0, 0, 255),size: 7 , location_xy:(402,248)  + Blob color:(0, 0, 255),size: 6 , location_xy:(405,240) 
INFO:root:blob add op:Blob color:(0, 0, 255),size: 6 , location_xy:(405,240)  + Blob color:(0, 0, 255),size: 7 , location_xy:(402,248) 
INFO:root:blob add op:Blob color:(0, 0, 255),size: 7 , location_xy:(402,247)  + Blob color:(0, 0, 255),size: 6 , location_xy:(406,241) 
INFO:root:blob add op:Blob color:(0, 0, 255),size: 6 , location_xy:(406,241)  + Blob color:(0, 0, 255),size: 7 , location_xy:(402,247) 
INFO:root:blob add op:Blob color:(0, 0, 255),size: 7 , location_xy:(401,246)  + Blob color:(0, 0, 255),size: 6 , location_xy:(405,240) 
INFO:root:blob add op:Blob color:(0, 0, 255),size: 6 , location_xy:(405,240)  + Blob color:(0, 0, 255),size: 7 , location_xy:(401,246) 
INFO:root:blob add op:Blob color:(0, 0, 255),size: 7 , location_xy:(401,247)  + Blob color:(0, 0, 255),size: 6 , location_xy:(405,240) 
INFO:root:blob add op:Blob color:(0, 0, 255),size: 6 , location_xy:(405,240)  + Blob color:(0, 0, 255),size: 7 , location_xy:(401,247) 
INFO:root:blob add op:Blob color:(0, 0, 255),size: 7 , location_xy:(400,248)  + Blob color:(0, 0, 255),size: 6 , location_xy:(404,239) 
INFO:root:blob add op:Blob color:(0, 0, 255),size: 6 , location_xy:(404,239)  + Blob color:(0, 0, 255),size: 7 , location_xy:(400,248) 
INFO:root:blob add op:Blob color:(0, 0, 255),size: 7 , location_xy:(399,247)  + Blob color:(0, 0, 255),size: 6 , location_xy:(405,240) 
INFO:root:blob add op:Blob color:(0, 0, 255),size: 6 , location_xy:(405,240)  + Blob color:(0, 0, 255),size: 7 , location_xy:(399,247) 
INFO:root:blob add op:Blob color:(0, 0, 255),size: 7 , location_xy:(398,247)  + Blob color:(0, 0, 255),size: 6 , location_xy:(406,239) 
INFO:root:blob add op:Blob color:(0, 0, 255),size: 6 , location_xy:(406,239)  + Blob color:(0, 0, 255),size: 7 , location_xy:(398,247) 
INFO:root:blob add op:Blob color:(0, 0, 255),size: 7 , location_xy:(399,246)  + Blob color:(0, 0, 255),size: 6 , location_xy:(406,240) 
INFO:root:blob add op:Blob color:(0, 0, 255),size: 6 , location_xy:(406,240)  + Blob color:(0, 0, 255),size: 7 , location_xy:(399,246) 
INFO:root:blob add op:Blob color:(0, 0, 255),size: 7 , location_xy:(398,245)  + Blob color:(0, 0, 255),size: 6 , location_xy:(406,241) 
INFO:root:blob add op:Blob color:(0, 0, 255),size: 6 , location_xy:(406,241)  + Blob color:(0, 0, 255),size: 7 , location_xy:(398,245) 
INFO:root:blob add op:Blob color:(0, 0, 255),size: 7 , location_xy:(397,244)  + Blob color:(0, 0, 255),size: 6 , location_xy:(405,240) 
INFO:root:blob add op:Blob color:(0, 0, 255),size: 6 , location_xy:(405,240)  + Blob color:(0, 0, 255),size: 7 , location_xy:(397,244) 
INFO:root:blob add op:Blob color:(0, 0, 255),size: 7 , location_xy:(396,243)  + Blob color:(0, 0, 255),size: 6 , location_xy:(404,239) 
INFO:root:blob add op:Blob color:(0, 0, 255),size: 6 , location_xy:(404,239)  + Blob color:(0, 0, 255),size: 7 , location_xy:(396,243) 
INFO:root:blob add op:Blob color:(0, 0, 255),size: 7 , location_xy:(396,244)  + Blob color:(0, 0, 255),size: 6 , location_xy:(403,238) 
INFO:root:blob add op:Blob color:(0, 0, 255),size: 6 , location_xy:(403,238)  + Blob color:(0, 0, 255),size: 7 , location_xy:(396,244) 
INFO:root:blob add op:Blob color:(0, 0, 255),size: 7 , location_xy:(396,245)  + Blob color:(0, 0, 255),size: 6 , location_xy:(403,237) 
INFO:root:blob add op:Blob color:(0, 0, 255),size: 6 , location_xy:(403,237)  + Blob color:(0, 0, 255),size: 7 , location_xy:(396,245) 
INFO:root:blob add op:Blob color:(0, 0, 255),size: 7 , location_xy:(397,246)  + Blob color:(0, 0, 255),size: 6 , location_xy:(404,237) 
INFO:root:blob add op:Blob color:(0, 0, 255),size: 6 , location_xy:(404,237)  + Blob color:(0, 0, 255),size: 7 , location_xy:(397,246) 
INFO:root:blob add op:Blob color:(0, 0, 255),size: 7 , location_xy:(396,245)  + Blob color:(0, 0, 255),size: 6 , location_xy:(403,238) 
INFO:root:blob add op:Blob color:(0, 0, 255),size: 6 , location_xy:(403,238)  + Blob color:(0, 0, 255),size: 7 , location_xy:(396,245) 
INFO:root:blob add op:Blob color:(0, 0, 255),size: 7 , location_xy:(396,246)  + Blob color:(0, 0, 255),size: 6 , location_xy:(402,237) 
INFO:root:blob add op:Blob color:(0, 0, 255),size: 6 , location_xy:(402,237)  + Blob color:(0, 0, 255),size: 7 , location_xy:(396,246) 
INFO:root:blob add op:Blob color:(0, 0, 255),size: 7 , location_xy:(397,245)  + Blob color:(0, 0, 255),size: 6 , location_xy:(403,238) 
INFO:root:blob add op:Blob color:(0, 0, 255),size: 6 , location_xy:(403,238)  + Blob color:(0, 0, 255),size: 7 , location_xy:(397,245) 
INFO:root:blob add op:Blob color:(0, 0, 255),size: 7 , location_xy:(398,244)  + Blob color:(0, 0, 255),size: 6 , location_xy:(403,239) 
INFO:root:blob add op:Blob color:(0, 0, 255),size: 6 , location_xy:(403,239)  + Blob color:(0, 0, 255),size: 7 , location_xy:(398,244) 
INFO:root:blob add op:Blob color:(0, 0, 255),size: 7 , location_xy:(399,245)  + Blob color:(0, 0, 255),size: 6 , location_xy:(404,240) 
INFO:root:blob add op:Blob color:(0, 0, 255),size: 6 , location_xy:(404,240)  + Blob color:(0, 0, 255),size: 7 , location_xy:(399,245) 
INFO:root:blob add op:Blob color:(0, 0, 255),size: 7 , location_xy:(399,245)  + Blob color:(0, 0, 255),size: 6 , location_xy:(405,240) 
INFO:root:blob add op:Blob color:(0, 0, 255),size: 6 , location_xy:(405,240)  + Blob color:(0, 0, 255),size: 7 , location_xy:(399,245) 
INFO:root:blob add op:Blob color:(0, 0, 255),size: 4 , location_xy:(135,39)  + Blob color:(0, 255, 0),size: 7 , location_xy:(145,40) 
INFO:root:blob add op:Blob color:(0, 0, 255),size: 7 , location_xy:(400,245)  + Blob color:(0, 0, 255),size: 6 , location_xy:(406,239) 
INFO:root:blob add op:Blob color:(0, 0, 255),size: 6 , location_xy:(406,239)  + Blob color:(0, 0, 255),size: 7 , location_xy:(400,245) 
INFO:root:blob add op:Blob color:(0, 0, 255),size: 7 , location_xy:(400,246)  + Blob color:(0, 0, 255),size: 6 , location_xy:(406,239) 
INFO:root:blob add op:Blob color:(0, 0, 255),size: 6 , location_xy:(406,239)  + Blob color:(0, 0, 255),size: 7 , location_xy:(400,246) 
INFO:root:blob add op:Blob color:(0, 0, 255),size: 7 , location_xy:(401,245)  + Blob color:(0, 0, 255),size: 6 , location_xy:(407,238) 
INFO:root:blob add op:Blob color:(0, 0, 255),size: 6 , location_xy:(407,238)  + Blob color:(0, 0, 255),size: 7 , location_xy:(401,245) 
INFO:root:blob add op:Blob color:(0, 0, 255),size: 7 , location_xy:(402,246)  + Blob color:(0, 0, 255),size: 6 , location_xy:(408,239) 
INFO:root:blob add op:Blob color:(0, 0, 255),size: 6 , location_xy:(408,239)  + Blob color:(0, 0, 255),size: 7 , location_xy:(402,246) 
INFO:root:blob add op:Blob color:(0, 0, 255),size: 7 , location_xy:(403,247)  + Blob color:(0, 0, 255),size: 6 , location_xy:(407,239) 
INFO:root:blob add op:Blob color:(0, 0, 255),size: 6 , location_xy:(407,239)  + Blob color:(0, 0, 255),size: 7 , location_xy:(403,247) 
INFO:root:blob add op:Blob color:(0, 0, 255),size: 7 , location_xy:(403,248)  + Blob color:(0, 0, 255),size: 6 , location_xy:(408,240) 
INFO:root:blob add op:Blob color:(0, 0, 255),size: 6 , location_xy:(408,240)  + Blob color:(0, 0, 255),size: 7 , location_xy:(403,248) 
INFO:root:blob add op:Blob color:(0, 0, 255),size: 11 , location_xy:(137,37)  + Blob color:(0, 255, 0),size: 5 , location_xy:(127,25) 
INFO:root:blob add op:Blob color:(0, 0, 255),size: 7 , location_xy:(403,249)  + Blob color:(0, 0, 255),size: 6 , location_xy:(408,241) 
INFO:root:blob add op:Blob color:(0, 0, 255),size: 6 , location_xy:(408,241)  + Blob color:(0, 0, 255),size: 7 , location_xy:(403,249) 
INFO:root:blob add op:Blob color:(0, 0, 255),size: 7 , location_xy:(404,249)  + Blob color:(0, 0, 255),size: 6 , location_xy:(408,240) 
INFO:root:blob add op:Blob color:(0, 0, 255),size: 6 , location_xy:(408,240)  + Blob color:(0, 0, 255),size: 7 , location_xy:(404,249) 
INFO:root:blob add op:Blob color:(0, 0, 255),size: 7 , location_xy:(404,248)  + Blob color:(0, 0, 255),size: 6 , location_xy:(408,239) 
INFO:root:blob add op:Blob color:(0, 0, 255),size: 6 , location_xy:(408,239)  + Blob color:(0, 0, 255),size: 7 , location_xy:(404,248) 
INFO:root:blob add op:Blob color:(0, 0, 255),size: 7 , location_xy:(404,248)  + Blob color:(0, 0, 255),size: 6 , location_xy:(408,238) 
INFO:root:blob add op:Blob color:(0, 0, 255),size: 6 , location_xy:(408,238)  + Blob color:(0, 0, 255),size: 7 , location_xy:(404,248) 
INFO:root:blob add op:Blob color:(0, 0, 255),size: 7 , location_xy:(405,248)  + Blob color:(0, 0, 255),size: 6 , location_xy:(407,238) 
INFO:root:blob add op:Blob color:(0, 0, 255),size: 6 , location_xy:(407,238)  + Blob color:(0, 0, 255),size: 7 , location_xy:(405,248) 
INFO:root:blob add op:Blob color:(0, 0, 255),size: 7 , location_xy:(405,248)  + Blob color:(0, 0, 255),size: 6 , location_xy:(406,239) 
INFO:root:blob add op:Blob color:(0, 0, 255),size: 6 , location_xy:(406,239)  + Blob color:(0, 0, 255),size: 7 , location_xy:(405,248) 
INFO:root:blob add op:Blob color:(0, 0, 255),size: 7 , location_xy:(405,249)  + Blob color:(0, 0, 255),size: 6 , location_xy:(405,240) 
INFO:root:blob add op:Blob color:(0, 0, 255),size: 6 , location_xy:(405,240)  + Blob color:(0, 0, 255),size: 7 , location_xy:(405,249) 
INFO:root:blob add op:Blob color:(0, 0, 255),size: 7 , location_xy:(405,249)  + Blob color:(0, 0, 255),size: 6 , location_xy:(404,239) 
INFO:root:blob add op:Blob color:(0, 0, 255),size: 6 , location_xy:(404,239)  + Blob color:(0, 0, 255),size: 7 , location_xy:(405,249) 
INFO:root:blob add op:Blob color:(0, 0, 255),size: 7 , location_xy:(404,249)  + Blob color:(0, 0, 255),size: 6 , location_xy:(403,238) 
INFO:root:blob add op:Blob color:(0, 0, 255),size: 6 , location_xy:(403,238)  + Blob color:(0, 0, 255),size: 7 , location_xy:(404,249) 
INFO:root:blob add op:Blob color:(0, 0, 255),size: 7 , location_xy:(404,249)  + Blob color:(0, 0, 255),size: 6 , location_xy:(403,237) 
INFO:root:blob add op:Blob color:(0, 0, 255),size: 6 , location_xy:(403,237)  + Blob color:(0, 0, 255),size: 7 , location_xy:(404,249) 
INFO:root:blob add op:Blob color:(0, 0, 255),size: 7 , location_xy:(406,248)  + Blob color:(0, 0, 255),size: 6 , location_xy:(406,237) 
INFO:root:blob add op:Blob color:(0, 0, 255),size: 6 , location_xy:(406,237)  + Blob color:(0, 0, 255),size: 7 , location_xy:(406,248) 
INFO:root:blob add op:Blob color:(0, 0, 255),size: 7 , location_xy:(407,247)  + Blob color:(0, 0, 255),size: 6 , location_xy:(405,235) 
INFO:root:blob add op:Blob color:(0, 0, 255),size: 6 , location_xy:(405,235)  + Blob color:(0, 0, 255),size: 7 , location_xy:(407,247) 
INFO:root:blob add op:Blob color:(0, 0, 255),size: 7 , location_xy:(407,246)  + Blob color:(0, 0, 255),size: 6 , location_xy:(406,235) 
INFO:root:blob add op:Blob color:(0, 0, 255),size: 6 , location_xy:(406,235)  + Blob color:(0, 0, 255),size: 7 , location_xy:(407,246) 
INFO:root:blob add op:Blob color:(0, 0, 255),size: 7 , location_xy:(408,245)  + Blob color:(0, 0, 255),size: 6 , location_xy:(406,236) 
INFO:root:blob add op:Blob color:(0, 0, 255),size: 6 , location_xy:(406,236)  + Blob color:(0, 0, 255),size: 7 , location_xy:(408,245) 
INFO:root:blob add op:Blob color:(0, 0, 255),size: 7 , location_xy:(408,244)  + Blob color:(0, 0, 255),size: 6 , location_xy:(407,236) 
INFO:root:blob add op:Blob color:(0, 0, 255),size: 6 , location_xy:(407,236)  + Blob color:(0, 0, 255),size: 7 , location_xy:(408,244) 
INFO:root:blob add op:Blob color:(0, 0, 255),size: 7 , location_xy:(409,243)  + Blob color:(0, 0, 255),size: 6 , location_xy:(408,235) 
INFO:root:blob add op:Blob color:(0, 0, 255),size: 6 , location_xy:(408,235)  + Blob color:(0, 0, 255),size: 7 , location_xy:(409,243) 
INFO:root:blob add op:Blob color:(0, 0, 255),size: 7 , location_xy:(408,242)  + Blob color:(0, 0, 255),size: 6 , location_xy:(408,235) 
INFO:root:blob add op:Blob color:(0, 0, 255),size: 6 , location_xy:(408,235)  + Blob color:(0, 0, 255),size: 7 , location_xy:(408,242) 
INFO:root:blob add op:Blob color:(0, 0, 255),size: 7 , location_xy:(409,241)  + Blob color:(0, 0, 255),size: 6 , location_xy:(408,235) 
INFO:root:blob add op:Blob color:(0, 0, 255),size: 6 , location_xy:(408,235)  + Blob color:(0, 0, 255),size: 7 , location_xy:(409,241) 
INFO:root:blob add op:Blob color:(0, 0, 255),size: 7 , location_xy:(408,241)  + Blob color:(0, 0, 255),size: 6 , location_xy:(409,235) 
INFO:root:blob add op:Blob color:(0, 0, 255),size: 6 , location_xy:(409,235)  + Blob color:(0, 0, 255),size: 7 , location_xy:(408,241) 
INFO:root:blob add op:Blob color:(0, 0, 255),size: 7 , location_xy:(409,241)  + Blob color:(0, 0, 255),size: 6 , location_xy:(409,235) 
INFO:root:blob add op:Blob color:(0, 0, 255),size: 6 , location_xy:(409,235)  + Blob color:(0, 0, 255),size: 7 , location_xy:(409,241) 
INFO:root:blob add op:Blob color:(0, 0, 255),size: 7 , location_xy:(408,240)  + Blob color:(0, 0, 255),size: 6 , location_xy:(409,236) 
INFO:root:blob add op:Blob color:(0, 0, 255),size: 6 , location_xy:(409,236)  + Blob color:(0, 0, 255),size: 7 , location_xy:(408,240) 
INFO:root:blob add op:Blob color:(0, 0, 255),size: 7 , location_xy:(409,241)  + Blob color:(0, 0, 255),size: 6 , location_xy:(409,237) 
INFO:root:blob add op:Blob color:(0, 0, 255),size: 6 , location_xy:(409,237)  + Blob color:(0, 0, 255),size: 7 , location_xy:(409,241) 
INFO:root:blob add op:Blob color:(0, 0, 255),size: 7 , location_xy:(408,241)  + Blob color:(0, 0, 255),size: 6 , location_xy:(410,237) 
INFO:root:blob add op:Blob color:(0, 0, 255),size: 6 , location_xy:(410,237)  + Blob color:(0, 0, 255),size: 7 , location_xy:(408,241) 
INFO:root:blob add op:Blob color:(0, 0, 255),size: 7 , location_xy:(408,241)  + Blob color:(0, 0, 255),size: 6 , location_xy:(410,237) 
INFO:root:blob add op:Blob color:(0, 0, 255),size: 6 , location_xy:(410,237)  + Blob color:(0, 0, 255),size: 7 , location_xy:(408,241) 
INFO:root:blob add op:Blob color:(0, 0, 255),size: 7 , location_xy:(407,240)  + Blob color:(0, 0, 255),size: 6 , location_xy:(410,238) 
INFO:root:blob add op:Blob color:(0, 0, 255),size: 6 , location_xy:(410,238)  + Blob color:(0, 0, 255),size: 7 , location_xy:(407,240) 
INFO:root:blob add op:Blob color:(0, 0, 255),size: 7 , location_xy:(406,239)  + Blob color:(0, 0, 255),size: 6 , location_xy:(410,237) 
INFO:root:blob add op:Blob color:(0, 0, 255),size: 6 , location_xy:(410,237)  + Blob color:(0, 0, 255),size: 7 , location_xy:(406,239) 
INFO:root:blob add op:Blob color:(0, 0, 255),size: 7 , location_xy:(406,240)  + Blob color:(0, 0, 255),size: 6 , location_xy:(409,238) 
INFO:root:blob add op:Blob color:(0, 0, 255),size: 6 , location_xy:(409,238)  + Blob color:(0, 0, 255),size: 7 , location_xy:(406,240) 
INFO:root:blob add op:Blob color:(0, 0, 255),size: 7 , location_xy:(407,241)  + Blob color:(0, 0, 255),size: 6 , location_xy:(409,237) 
INFO:root:blob add op:Blob color:(0, 0, 255),size: 6 , location_xy:(409,237)  + Blob color:(0, 0, 255),size: 7 , location_xy:(407,241) 
INFO:root:blob add op:Blob color:(0, 0, 255),size: 7 , location_xy:(408,241)  + Blob color:(0, 0, 255),size: 6 , location_xy:(410,237) 
INFO:root:blob add op:Blob color:(0, 0, 255),size: 6 , location_xy:(410,237)  + Blob color:(0, 0, 255),size: 7 , location_xy:(408,241) 
INFO:root:blob add op:Blob color:(0, 0, 255),size: 7 , location_xy:(407,242)  + Blob color:(0, 0, 255),size: 6 , location_xy:(409,238) 
INFO:root:blob add op:Blob color:(0, 0, 255),size: 6 , location_xy:(409,238)  + Blob color:(0, 0, 255),size: 7 , location_xy:(407,242) 
INFO:root:blob add op:Blob color:(0, 0, 255),size: 7 , location_xy:(406,242)  + Blob color:(0, 0, 255),size: 6 , location_xy:(408,237) 
INFO:root:blob add op:Blob color:(0, 0, 255),size: 6 , location_xy:(408,237)  + Blob color:(0, 0, 255),size: 7 , location_xy:(406,242) 
INFO:root:blob add op:Blob color:(0, 0, 255),size: 7 , location_xy:(406,241)  + Blob color:(0, 0, 255),size: 6 , location_xy:(408,236) 
INFO:root:blob add op:Blob color:(0, 0, 255),size: 6 , location_xy:(408,236)  + Blob color:(0, 0, 255),size: 7 , location_xy:(406,241) 
INFO:root:blob add op:Blob color:(0, 0, 255),size: 7 , location_xy:(407,242)  + Blob color:(0, 0, 255),size: 6 , location_xy:(408,235) 
INFO:root:blob add op:Blob color:(0, 0, 255),size: 6 , location_xy:(408,235)  + Blob color:(0, 0, 255),size: 7 , location_xy:(407,242) 
INFO:root:blob add op:Blob color:(0, 0, 255),size: 7 , location_xy:(406,243)  + Blob color:(0, 0, 255),size: 6 , location_xy:(408,236) 
INFO:root:blob add op:Blob color:(0, 0, 255),size: 6 , location_xy:(408,236)  + Blob color:(0, 0, 255),size: 7 , location_xy:(406,243) 
INFO:root:blob add op:Blob color:(0, 0, 255),size: 7 , location_xy:(406,243)  + Blob color:(0, 0, 255),size: 6 , location_xy:(407,237) 
INFO:root:blob add op:Blob color:(0, 0, 255),size: 6 , location_xy:(407,237)  + Blob color:(0, 0, 255),size: 7 , location_xy:(406,243) 
INFO:root:blob add op:Blob color:(0, 0, 255),size: 7 , location_xy:(405,242)  + Blob color:(0, 0, 255),size: 6 , location_xy:(407,236) 
INFO:root:blob add op:Blob color:(0, 0, 255),size: 6 , location_xy:(407,236)  + Blob color:(0, 0, 255),size: 7 , location_xy:(405,242) 
INFO:root:blob add op:Blob color:(0, 0, 255),size: 7 , location_xy:(404,242)  + Blob color:(0, 0, 255),size: 6 , location_xy:(406,237) 
INFO:root:blob add op:Blob color:(0, 0, 255),size: 6 , location_xy:(406,237)  + Blob color:(0, 0, 255),size: 7 , location_xy:(404,242) 
INFO:root:blob add op:Blob color:(0, 0, 255),size: 7 , location_xy:(404,242)  + Blob color:(0, 0, 255),size: 6 , location_xy:(405,237) 
INFO:root:blob add op:Blob color:(0, 0, 255),size: 6 , location_xy:(405,237)  + Blob color:(0, 0, 255),size: 7 , location_xy:(404,242) 
INFO:root:blob add op:Blob color:(0, 0, 255),size: 7 , location_xy:(403,242)  + Blob color:(0, 0, 255),size: 6 , location_xy:(406,237) 
INFO:root:blob add op:Blob color:(0, 0, 255),size: 6 , location_xy:(406,237)  + Blob color:(0, 0, 255),size: 7 , location_xy:(403,242) 
INFO:root:blob add op:Blob color:(0, 0, 255),size: 7 , location_xy:(402,242)  + Blob color:(0, 0, 255),size: 6 , location_xy:(406,236) 
INFO:root:blob add op:Blob color:(0, 0, 255),size: 6 , location_xy:(406,236)  + Blob color:(0, 0, 255),size: 7 , location_xy:(402,242) 
INFO:root:blob add op:Blob color:(0, 0, 255),size: 7 , location_xy:(403,243)  + Blob color:(0, 0, 255),size: 6 , location_xy:(406,235) 
INFO:root:blob add op:Blob color:(0, 0, 255),size: 6 , location_xy:(406,235)  + Blob color:(0, 0, 255),size: 7 , location_xy:(403,243) 
INFO:root:blob add op:Blob color:(0, 0, 255),size: 7 , location_xy:(402,242)  + Blob color:(0, 0, 255),size: 6 , location_xy:(407,234) 
INFO:root:blob add op:Blob color:(0, 0, 255),size: 6 , location_xy:(407,234)  + Blob color:(0, 0, 255),size: 7 , location_xy:(402,242) 
INFO:root:blob add op:Blob color:(0, 0, 255),size: 7 , location_xy:(403,243)  + Blob color:(0, 0, 255),size: 6 , location_xy:(408,234) 
INFO:root:blob add op:Blob color:(0, 0, 255),size: 6 , location_xy:(408,234)  + Blob color:(0, 0, 255),size: 7 , location_xy:(403,243) 
INFO:root:blob add op:Blob color:(0, 0, 255),size: 7 , location_xy:(402,243)  + Blob color:(0, 0, 255),size: 6 , location_xy:(409,234) 
INFO:root:blob add op:Blob color:(0, 0, 255),size: 6 , location_xy:(409,234)  + Blob color:(0, 0, 255),size: 7 , location_xy:(402,243) 
INFO:root:blob add op:Blob color:(0, 0, 255),size: 7 , location_xy:(402,242)  + Blob color:(0, 0, 255),size: 6 , location_xy:(410,233) 
INFO:root:blob add op:Blob color:(0, 0, 255),size: 6 , location_xy:(410,233)  + Blob color:(0, 0, 255),size: 7 , location_xy:(402,242) 
INFO:root:blob add op:Blob color:(0, 0, 255),size: 7 , location_xy:(402,242)  + Blob color:(0, 0, 255),size: 6 , location_xy:(410,232) 
INFO:root:blob add op:Blob color:(0, 0, 255),size: 6 , location_xy:(410,232)  + Blob color:(0, 0, 255),size: 7 , location_xy:(402,242) 
INFO:root:blob add op:Blob color:(0, 0, 255),size: 7 , location_xy:(403,241)  + Blob color:(0, 0, 255),size: 6 , location_xy:(411,232) 
INFO:root:blob add op:Blob color:(0, 0, 255),size: 6 , location_xy:(411,232)  + Blob color:(0, 0, 255),size: 7 , location_xy:(403,241) 
INFO:root:blob add op:Blob color:(0, 0, 255),size: 7 , location_xy:(402,241)  + Blob color:(0, 0, 255),size: 6 , location_xy:(412,233) 
INFO:root:blob add op:Blob color:(0, 0, 255),size: 6 , location_xy:(412,233)  + Blob color:(0, 0, 255),size: 7 , location_xy:(402,241) 
INFO:root:blob add op:Blob color:(0, 0, 255),size: 7 , location_xy:(401,240)  + Blob color:(0, 0, 255),size: 6 , location_xy:(411,233) 
INFO:root:blob add op:Blob color:(0, 0, 255),size: 6 , location_xy:(411,233)  + Blob color:(0, 0, 255),size: 7 , location_xy:(401,240) 
